<?xml version="1.0" encoding="UTF-8"?>
<!-- Generated by org.testng.reporters.JUnitReportReporter -->
<testsuite hostname="PAIKARAY-PC" failures="0" tests="1" name="CrudOpertion.PutUpdateUser" time="3.951" errors="0" timestamp="2022-11-06T22:31:41 IST" skipped="0">
  <testcase classname="CrudOpertion.PutUpdateUser" name="putUpdateUser" time="3.951"/>
  <system-out/>
</testsuite> <!-- CrudOpertion.PutUpdateUser -->
