<?xml version="1.0" encoding="UTF-8"?>
<!-- Generated by org.testng.reporters.JUnitReportReporter -->
<testsuite hostname="PAIKARAY-PC" failures="0" tests="1" name="CrudOpertion.GetuserByPhnNum" time="5.381" errors="0" timestamp="2022-11-06T12:30:18 IST" skipped="0">
  <testcase classname="CrudOpertion.GetuserByPhnNum" name="getuserByPhnNum" time="5.381"/>
  <system-out/>
</testsuite> <!-- CrudOpertion.GetuserByPhnNum -->
