<?xml version="1.0" encoding="UTF-8"?>
<!-- Generated by org.testng.reporters.JUnitReportReporter -->
<testsuite hostname="PAIKARAY-PC" failures="0" tests="1" name="CrudOpertion.GetValidateUserbyEmail" time="5.705" errors="0" timestamp="2022-11-06T12:29:03 IST" skipped="0">
  <testcase classname="CrudOpertion.GetValidateUserbyEmail" name="getAllUser" time="5.705"/>
  <system-out/>
</testsuite> <!-- CrudOpertion.GetValidateUserbyEmail -->
