<?xml version="1.0" encoding="UTF-8"?>
<!-- Generated by org.testng.reporters.JUnitReportReporter -->
<testsuite hostname="PAIKARAY-PC" failures="0" tests="1" name="CrudOpertion.GetValidateUserByPhone" time="3.890" errors="0" timestamp="2022-11-06T22:20:33 IST" skipped="0">
  <testcase classname="CrudOpertion.GetValidateUserByPhone" name="getValidateUserByPhone" time="3.890"/>
  <system-out/>
</testsuite> <!-- CrudOpertion.GetValidateUserByPhone -->
