<?xml version="1.0" encoding="UTF-8"?>
<!-- Generated by org.testng.reporters.JUnitReportReporter -->
<testsuite hostname="PAIKARAY-PC" failures="0" tests="1" name="CrudOpertion.GetUserByID" time="5.472" errors="0" timestamp="2022-11-06T12:38:17 IST" skipped="0">
  <testcase classname="CrudOpertion.GetUserByID" name="getUserByID" time="5.472"/>
  <system-out/>
</testsuite> <!-- CrudOpertion.GetUserByID -->
