<?xml version="1.0" encoding="UTF-8"?>
<!-- Generated by org.testng.reporters.JUnitReportReporter -->
<testsuite hostname="PAIKARAY-PC" failures="0" tests="1" name="CrudOpertion.GetAllUser" time="5.700" errors="0" timestamp="2022-11-06T00:03:21 IST" skipped="0">
  <testcase classname="CrudOpertion.GetAllUser" name="getAllUser" time="5.700"/>
  <system-out/>
</testsuite> <!-- CrudOpertion.GetAllUser -->
