<?xml version="1.0" encoding="UTF-8"?>
<!-- Generated by org.testng.reporters.JUnitReportReporter -->
<testsuite hostname="PAIKARAY-PC" failures="0" tests="1" name="CrudOpertion.DeleteUserByID" time="3.410" errors="0" timestamp="2022-11-06T22:01:00 IST" skipped="0">
  <testcase classname="CrudOpertion.DeleteUserByID" name="deleteUserByID" time="3.410"/>
  <system-out/>
</testsuite> <!-- CrudOpertion.DeleteUserByID -->
