<?xml version="1.0" encoding="UTF-8"?>
<!-- Generated by org.testng.reporters.JUnitReportReporter -->
<testsuite hostname="PAIKARAY-PC" failures="0" tests="1" name="CrudOpertion.GetUserByEmail" time="5.261" errors="0" timestamp="2022-11-06T12:33:51 IST" skipped="0">
  <testcase classname="CrudOpertion.GetUserByEmail" name="getUserByEmail" time="5.261"/>
  <system-out/>
</testsuite> <!-- CrudOpertion.GetUserByEmail -->
